Using pre-set license
Built from '2022.3/staging' branch; Version is '2022.3.21f1 (bf09ca542b87) revision 12519882'; Using compiler version '192829333'; Build Type 'Release'
OS: 'Windows 10  (10.0.19045) 64bit Core' Language: 'en' Physical Memory: 8025 MB
BatchMode: 1, IsHumanControllingUs: 0, StartBugReporterOnCrash: 0, Is64bit: 1, IsPro: 1

COMMAND LINE ARGUMENTS:
C:\Program Files\Unity\Hub\Editor\2022.3.21f1\Editor\Unity.exe
-adb2
-batchMode
-noUpm
-name
AssetImportWorker2
-projectPath
C:/Users/wtodd/IGB101-GroupAssignment3/IGB101 Group Assignment 3
-logFile
Logs/AssetImportWorker2.log
-srvPort
51935
Successfully changed project path to: C:/Users/wtodd/IGB101-GroupAssignment3/IGB101 Group Assignment 3
C:/Users/wtodd/IGB101-GroupAssignment3/IGB101 Group Assignment 3
[UnityMemory] Configuration Parameters - Can be set up in boot.config
    "memorysetup-bucket-allocator-granularity=16"
    "memorysetup-bucket-allocator-bucket-count=8"
    "memorysetup-bucket-allocator-block-size=33554432"
    "memorysetup-bucket-allocator-block-count=8"
    "memorysetup-main-allocator-block-size=16777216"
    "memorysetup-thread-allocator-block-size=16777216"
    "memorysetup-gfx-main-allocator-block-size=16777216"
    "memorysetup-gfx-thread-allocator-block-size=16777216"
    "memorysetup-cache-allocator-block-size=4194304"
    "memorysetup-typetree-allocator-block-size=2097152"
    "memorysetup-profiler-bucket-allocator-granularity=16"
    "memorysetup-profiler-bucket-allocator-bucket-count=8"
    "memorysetup-profiler-bucket-allocator-block-size=33554432"
    "memorysetup-profiler-bucket-allocator-block-count=8"
    "memorysetup-profiler-allocator-block-size=16777216"
    "memorysetup-profiler-editor-allocator-block-size=1048576"
    "memorysetup-temp-allocator-size-main=16777216"
    "memorysetup-job-temp-allocator-block-size=2097152"
    "memorysetup-job-temp-allocator-block-size-background=1048576"
    "memorysetup-job-temp-allocator-reduction-small-platforms=262144"
    "memorysetup-allocator-temp-initial-block-size-main=262144"
    "memorysetup-allocator-temp-initial-block-size-worker=262144"
    "memorysetup-temp-allocator-size-background-worker=32768"
    "memorysetup-temp-allocator-size-job-worker=262144"
    "memorysetup-temp-allocator-size-preload-manager=33554432"
    "memorysetup-temp-allocator-size-nav-mesh-worker=65536"
    "memorysetup-temp-allocator-size-audio-worker=65536"
    "memorysetup-temp-allocator-size-cloud-worker=32768"
    "memorysetup-temp-allocator-size-gi-baking-worker=262144"
    "memorysetup-temp-allocator-size-gfx=262144"
Player connection [4196] Host "[IP] 10.0.0.45 [Port] 0 [Flags] 2 [Guid] 3577319525 [EditorId] 3577319525 [Version] 1048832 [Id] WindowsEditor(7,LAPTOP-L46URDSC) [Debug] 1 [PackageName] WindowsEditor [ProjectName] Editor" joined multi-casting on [225.0.0.222:54997]...

Player connection [4196] Host "[IP] 10.0.0.45 [Port] 0 [Flags] 2 [Guid] 3577319525 [EditorId] 3577319525 [Version] 1048832 [Id] WindowsEditor(7,LAPTOP-L46URDSC) [Debug] 1 [PackageName] WindowsEditor [ProjectName] Editor" joined alternative multi-casting on [225.0.0.222:34997]...

[Physics::Module] Initialized MultithreadedJobDispatcher with 7 workers.
Refreshing native plugins compatible for Editor in 126.63 ms, found 4 plugins.
Preloading 0 native plugins for Editor in 0.00 ms.
Initialize engine version: 2022.3.21f1 (bf09ca542b87)
[Subsystems] Discovering subsystems at path C:/Program Files/Unity/Hub/Editor/2022.3.21f1/Editor/Data/Resources/UnitySubsystems
[Subsystems] Discovering subsystems at path C:/Users/wtodd/IGB101-GroupAssignment3/IGB101 Group Assignment 3/Assets
GfxDevice: creating device client; threaded=0; jobified=0
Direct3D:
    Version:  Direct3D 11.0 [level 11.1]
    Renderer: Intel(R) UHD Graphics (ID=0x9b41)
    Vendor:   Intel
    VRAM:     4012 MB
    Driver:   27.20.100.9664
Initialize mono
Mono path[0] = 'C:/Program Files/Unity/Hub/Editor/2022.3.21f1/Editor/Data/Managed'
Mono path[1] = 'C:/Program Files/Unity/Hub/Editor/2022.3.21f1/Editor/Data/MonoBleedingEdge/lib/mono/unityjit-win32'
Mono config path = 'C:/Program Files/Unity/Hub/Editor/2022.3.21f1/Editor/Data/MonoBleedingEdge/etc'
Using monoOptions --debugger-agent=transport=dt_socket,embedding=1,server=y,suspend=n,address=127.0.0.1:56756
Begin MonoManager ReloadAssembly
Registering precompiled unity dll's ...
Register platform support module: C:/Program Files/Unity/Hub/Editor/2022.3.21f1/Editor/Data/PlaybackEngines/WindowsStandaloneSupport/UnityEditor.WindowsStandalone.Extensions.dll
Registered in 0.055608 seconds.
- Loaded All Assemblies, in  1.205 seconds
Native extension for WindowsStandalone target not found
Mono: successfully reloaded assembly
- Finished resetting the current domain, in  0.898 seconds
Domain Reload Profiling: 2097ms
	BeginReloadAssembly (391ms)
		ExecutionOrderSort (0ms)
		DisableScriptedObjects (0ms)
		BackupInstance (0ms)
		ReleaseScriptingObjects (0ms)
		CreateAndSetChildDomain (2ms)
	RebuildCommonClasses (101ms)
	RebuildNativeTypeToScriptingClass (46ms)
	initialDomainReloadingComplete (268ms)
	LoadAllAssembliesAndSetupDomain (392ms)
		LoadAssemblies (384ms)
		RebuildTransferFunctionScriptingTraits (0ms)
		AnalyzeDomain (386ms)
			TypeCache.Refresh (383ms)
				TypeCache.ScanAssembly (346ms)
			ScanForSourceGeneratedMonoScriptInfo (1ms)
			ResolveRequiredComponents (1ms)
	FinalizeReload (899ms)
		ReleaseScriptCaches (0ms)
		RebuildScriptCaches (0ms)
		SetupLoadedEditorAssemblies (695ms)
			LogAssemblyErrors (0ms)
			InitializePlatformSupportModulesInManaged (42ms)
			SetLoadedEditorAssemblies (30ms)
			RefreshPlugins (0ms)
			BeforeProcessingInitializeOnLoad (10ms)
			ProcessInitializeOnLoadAttributes (470ms)
			ProcessInitializeOnLoadMethodAttributes (143ms)
			AfterProcessingInitializeOnLoad (0ms)
			EditorAssembliesLoaded (0ms)
		ExecutionOrderSort2 (0ms)
		AwakeInstancesAfterBackupRestoration (0ms)
========================================================================
Worker process is ready to serve import requests
Begin MonoManager ReloadAssembly
- Loaded All Assemblies, in  2.500 seconds
Refreshing native plugins compatible for Editor in 46.83 ms, found 4 plugins.
Native extension for WindowsStandalone target not found
Package Manager log level set to [2]
[Package Manager] Server::EnsureServerProcessIsRunning -- launch failed, reason: Unity was launched with the -noUpm command-line argument
[Package Manager] UpmClient::Send -- Unable to send message (not connected to UPM process).
[Package Manager] Cannot connect to Unity Package Manager local server
Mono: successfully reloaded assembly
- Finished resetting the current domain, in  2.122 seconds
Domain Reload Profiling: 4601ms
	BeginReloadAssembly (447ms)
		ExecutionOrderSort (0ms)
		DisableScriptedObjects (16ms)
		BackupInstance (0ms)
		ReleaseScriptingObjects (0ms)
		CreateAndSetChildDomain (44ms)
	RebuildCommonClasses (99ms)
	RebuildNativeTypeToScriptingClass (32ms)
	initialDomainReloadingComplete (148ms)
	LoadAllAssembliesAndSetupDomain (1753ms)
		LoadAssemblies (1552ms)
		RebuildTransferFunctionScriptingTraits (0ms)
		AnalyzeDomain (489ms)
			TypeCache.Refresh (390ms)
				TypeCache.ScanAssembly (348ms)
			ScanForSourceGeneratedMonoScriptInfo (77ms)
			ResolveRequiredComponents (18ms)
	FinalizeReload (2123ms)
		ReleaseScriptCaches (0ms)
		RebuildScriptCaches (0ms)
		SetupLoadedEditorAssemblies (1644ms)
			LogAssemblyErrors (0ms)
			InitializePlatformSupportModulesInManaged (19ms)
			SetLoadedEditorAssemblies (10ms)
			RefreshPlugins (0ms)
			BeforeProcessingInitializeOnLoad (360ms)
			ProcessInitializeOnLoadAttributes (1176ms)
			ProcessInitializeOnLoadMethodAttributes (63ms)
			AfterProcessingInitializeOnLoad (16ms)
			EditorAssembliesLoaded (0ms)
		ExecutionOrderSort2 (0ms)
		AwakeInstancesAfterBackupRestoration (10ms)
Launched and connected shader compiler UnityShaderCompiler.exe after 0.15 seconds
Refreshing native plugins compatible for Editor in 31.51 ms, found 4 plugins.
Preloading 0 native plugins for Editor in 0.00 ms.
Unloading 4451 Unused Serialized files (Serialized files now loaded: 0)
Unloading 69 unused Assets / (110.6 KB). Loaded Objects now: 4920.
Memory consumption went from 164.5 MB to 164.4 MB.
Total: 9.916500 ms (FindLiveObjects: 0.804200 ms CreateObjectMapping: 0.700900 ms MarkObjects: 7.953700 ms  DeleteObjects: 0.455200 ms)

AssetImportParameters requested are different than current active one (requested -> active):
  custom:container-demuxer-ogg: 62fdf1f143b41e24485cea50d1cbac27 -> 
  custom:video-codec-MediaFoundation-h265: 746d11721c4dcdbdad8f713fa42b33f4 -> 
  custom:video-decoder-ogg-theora: a1e56fd34408186e4bbccfd4996cb3dc -> 
  custom:framework-win-MediaFoundation: 216162199b28c13a410421893ffa2e32 -> 
  custom:CustomObjectIndexerAttribute: 9a22284fe3817be447336de3de66b15e -> 
  custom:container-demuxer-webm: 4f35f7cbe854078d1ac9338744f61a02 -> 
  custom:container-muxer-webm: aa71ff27fc2769a1b78a27578f13a17b -> 
  custom:video-decoder-webm-vp8: 9c59270c3fd7afecdb556c50c9e8de78 -> 
  custom:SearchIndexIgnoredProperties: e643bd26f0fe6173181afceb89e7c659 -> 
  custom:AudioImporter_EditorPlatform: d09bf68614088b80899f8185d706f6e7 -> 
  custom:video-encoder-webm-vp8: eb34c28f22e8b96e1ab97ce403110664 -> 
  custom:audio-decoder-ogg-vorbis: bf7c407c2cedff20999df2af8eb42d56 -> 
  custom:audio-encoder-webm-vorbis: bf7c407c2cedff20999df2af8eb42d56 -> 
========================================================================
Received Import Request.
  Time since last request: 956121.061697 seconds.
  path: Assets/Adwoa's Files/Models and Prefabs/MONQO Floral Golden Jar/Materials/Material_FloralGoldJar.mat
  artifactKey: Guid(037a0eb549158854e8f0f45223e66541) Importer(815301076,1909f56bfc062723c751e8b465ee728b)
Start importing Assets/Adwoa's Files/Models and Prefabs/MONQO Floral Golden Jar/Materials/Material_FloralGoldJar.mat using Guid(037a0eb549158854e8f0f45223e66541) Importer(815301076,1909f56bfc062723c751e8b465ee728b)  -> (artifact id: '3373cc4834f5ab2bd25ec74634820137') in 0.541360 seconds
Number of updated asset objects reloaded before import = 0
Number of asset objects unloaded after import = 5
========================================================================
Received Import Request.
  Time since last request: 30.541741 seconds.
  path: Assets/Adwoa's Files/Models and Prefabs/Greek Statue/Demo.unity
  artifactKey: Guid(73cee1bc63d0fc24d88121a53a376ba3) Importer(815301076,1909f56bfc062723c751e8b465ee728b)
Start importing Assets/Adwoa's Files/Models and Prefabs/Greek Statue/Demo.unity using Guid(73cee1bc63d0fc24d88121a53a376ba3) Importer(815301076,1909f56bfc062723c751e8b465ee728b)  -> (artifact id: '55033ef01bd786fe5ba643d1703690f8') in 0.003214 seconds
Number of updated asset objects reloaded before import = 0
Number of asset objects unloaded after import = 0
========================================================================
Received Import Request.
  Time since last request: 6.810524 seconds.
  path: Assets/Adwoa's Files/Models and Prefabs/ChamferBox Assets
  artifactKey: Guid(82f17f9f754d546bbad814182a2be64c) Importer(815301076,1909f56bfc062723c751e8b465ee728b)
Start importing Assets/Adwoa's Files/Models and Prefabs/ChamferBox Assets using Guid(82f17f9f754d546bbad814182a2be64c) Importer(815301076,1909f56bfc062723c751e8b465ee728b)  -> (artifact id: '5a9ff4b3d48c1a972986148753e9f6ac') in 0.001069 seconds
Number of updated asset objects reloaded before import = 0
Number of asset objects unloaded after import = 0
========================================================================
Received Import Request.
  Time since last request: 1.683022 seconds.
  path: Assets/Adwoa's Files/Models and Prefabs/ChamferBox Assets/CB Discobolus Statue
  artifactKey: Guid(d096332ed63224137a865841ac177beb) Importer(815301076,1909f56bfc062723c751e8b465ee728b)
Start importing Assets/Adwoa's Files/Models and Prefabs/ChamferBox Assets/CB Discobolus Statue using Guid(d096332ed63224137a865841ac177beb) Importer(815301076,1909f56bfc062723c751e8b465ee728b)  -> (artifact id: 'ae883901226244665c47c740e5b54ba8') in 0.003016 seconds
Number of updated asset objects reloaded before import = 0
Number of asset objects unloaded after import = 0
========================================================================
Received Import Request.
  Time since last request: 0.077531 seconds.
  path: Assets/Adwoa's Files/Models and Prefabs/ChamferBox Assets/CB Discobolus Statue/StatueDemoTerrain.asset
  artifactKey: Guid(be92daee4090214428728014489c42db) Importer(815301076,1909f56bfc062723c751e8b465ee728b)
Start importing Assets/Adwoa's Files/Models and Prefabs/ChamferBox Assets/CB Discobolus Statue/StatueDemoTerrain.asset using Guid(be92daee4090214428728014489c42db) Importer(815301076,1909f56bfc062723c751e8b465ee728b)  -> (artifact id: '9178e75b83b2f2002ca75f9a8c57ae6a') in 0.237492 seconds
Number of updated asset objects reloaded before import = 0
Number of asset objects unloaded after import = 1
========================================================================
Received Import Request.
  Time since last request: 2.799593 seconds.
  path: Assets/Adwoa's Files/Models and Prefabs/ChamferBox Assets/CB Discobolus Statue/Demo.unity
  artifactKey: Guid(be1a966eca9da1d4596852b0ad5311ab) Importer(815301076,1909f56bfc062723c751e8b465ee728b)
Start importing Assets/Adwoa's Files/Models and Prefabs/ChamferBox Assets/CB Discobolus Statue/Demo.unity using Guid(be1a966eca9da1d4596852b0ad5311ab) Importer(815301076,1909f56bfc062723c751e8b465ee728b)  -> (artifact id: '2cd886fd79d02aac02c1e69038e34f6f') in 0.002000 seconds
Number of updated asset objects reloaded before import = 0
Number of asset objects unloaded after import = 0
========================================================================
Received Import Request.
  Time since last request: 12.540834 seconds.
  path: Assets/Adwoa's Files/Models and Prefabs/ChamferBox Assets/CB Discobolus Statue/DemoSettings.lighting
  artifactKey: Guid(7adcb9ef16be044b3a7dba209df71cd7) Importer(815301076,1909f56bfc062723c751e8b465ee728b)
Start importing Assets/Adwoa's Files/Models and Prefabs/ChamferBox Assets/CB Discobolus Statue/DemoSettings.lighting using Guid(7adcb9ef16be044b3a7dba209df71cd7) Importer(815301076,1909f56bfc062723c751e8b465ee728b) LightingSettings: switching bake backend from 1 to 0.
 -> (artifact id: '95711d8bdfaa95d7deaef037327a68da') in 0.005408 seconds
Number of updated asset objects reloaded before import = 0
Number of asset objects unloaded after import = 1
========================================================================
Received Import Request.
  Time since last request: 9.895918 seconds.
  path: Assets/Adwoa's Files/Models and Prefabs/ChamferBox Assets/CB Discobolus Statue/Textures
  artifactKey: Guid(c9b6ee8dd58164d1b8b86efcd304eb08) Importer(815301076,1909f56bfc062723c751e8b465ee728b)
Start importing Assets/Adwoa's Files/Models and Prefabs/ChamferBox Assets/CB Discobolus Statue/Textures using Guid(c9b6ee8dd58164d1b8b86efcd304eb08) Importer(815301076,1909f56bfc062723c751e8b465ee728b)  -> (artifact id: '90a4f8c63609a6f6b1ffcaff1499b1f4') in 0.001752 seconds
Number of updated asset objects reloaded before import = 0
Number of asset objects unloaded after import = 0
========================================================================
Received Import Request.
  Time since last request: 0.058906 seconds.
  path: Assets/Adwoa's Files/Models and Prefabs/ChamferBox Assets/CB Discobolus Statue/Textures/manstatue.png
  artifactKey: Guid(202a456370fad3c4e9db6f575f7b84af) Importer(815301076,1909f56bfc062723c751e8b465ee728b)
Start importing Assets/Adwoa's Files/Models and Prefabs/ChamferBox Assets/CB Discobolus Statue/Textures/manstatue.png using Guid(202a456370fad3c4e9db6f575f7b84af) Importer(815301076,1909f56bfc062723c751e8b465ee728b)  -> (artifact id: '6ff3e1261bdb89eb715fb61ab3ab6221') in 0.199238 seconds
Number of updated asset objects reloaded before import = 0
Number of asset objects unloaded after import = 2
========================================================================
Received Import Request.
  Time since last request: 2.427753 seconds.
  path: Assets/Adwoa's Files/Models and Prefabs/ChamferBox Assets/CB Discobolus Statue/Meshes
  artifactKey: Guid(6be8d75ceb010468c9e0de8a6d6bed55) Importer(815301076,1909f56bfc062723c751e8b465ee728b)
Start importing Assets/Adwoa's Files/Models and Prefabs/ChamferBox Assets/CB Discobolus Statue/Meshes using Guid(6be8d75ceb010468c9e0de8a6d6bed55) Importer(815301076,1909f56bfc062723c751e8b465ee728b)  -> (artifact id: '4231421d273719fb2336455d21d44f59') in 0.001964 seconds
Number of updated asset objects reloaded before import = 0
Number of asset objects unloaded after import = 0
========================================================================
Received Import Request.
  Time since last request: 0.056373 seconds.
  path: Assets/Adwoa's Files/Models and Prefabs/ChamferBox Assets/CB Discobolus Statue/Meshes/CB_Discobolus_LOD0.FBX
  artifactKey: Guid(d77cc93e98e6e194b9140a9b04234b8b) Importer(815301076,1909f56bfc062723c751e8b465ee728b)
Start importing Assets/Adwoa's Files/Models and Prefabs/ChamferBox Assets/CB Discobolus Statue/Meshes/CB_Discobolus_LOD0.FBX using Guid(d77cc93e98e6e194b9140a9b04234b8b) Importer(815301076,1909f56bfc062723c751e8b465ee728b)  -> (artifact id: '5d59c314a43ad1d1e455500ee69bffa5') in 0.359593 seconds
Number of updated asset objects reloaded before import = 0
Number of asset objects unloaded after import = 10
========================================================================
Received Import Request.
  Time since last request: 0.000065 seconds.
  path: Assets/Adwoa's Files/Models and Prefabs/ChamferBox Assets/CB Discobolus Statue/Meshes/CB_Discobolus_LOD2.FBX
  artifactKey: Guid(f7a2a5f57e7e1f94aa268e91b2e37573) Importer(815301076,1909f56bfc062723c751e8b465ee728b)
Start importing Assets/Adwoa's Files/Models and Prefabs/ChamferBox Assets/CB Discobolus Statue/Meshes/CB_Discobolus_LOD2.FBX using Guid(f7a2a5f57e7e1f94aa268e91b2e37573) Importer(815301076,1909f56bfc062723c751e8b465ee728b)  -> (artifact id: '7ecb8a241d5444d682f74d0279e3f313') in 0.201330 seconds
Number of updated asset objects reloaded before import = 0
Number of asset objects unloaded after import = 10
========================================================================
Received Import Request.
  Time since last request: 1.562108 seconds.
  path: Assets/Adwoa's Files/Models and Prefabs/ChamferBox Assets/CB Discobolus Statue/Meshes/Materials
  artifactKey: Guid(0244725bbb7d74bc8a5c00879d79dfc4) Importer(815301076,1909f56bfc062723c751e8b465ee728b)
Start importing Assets/Adwoa's Files/Models and Prefabs/ChamferBox Assets/CB Discobolus Statue/Meshes/Materials using Guid(0244725bbb7d74bc8a5c00879d79dfc4) Importer(815301076,1909f56bfc062723c751e8b465ee728b)  -> (artifact id: '63c2167366ad51e0ad1cbab20b0a987e') in 0.001661 seconds
Number of updated asset objects reloaded before import = 0
Number of asset objects unloaded after import = 0
========================================================================
Received Import Request.
  Time since last request: 0.201183 seconds.
  path: Assets/Adwoa's Files/Models and Prefabs/ChamferBox Assets/CB Discobolus Statue/Meshes/Materials/manstatue.mat
  artifactKey: Guid(ee44bf358b94542a79b8352344bc080c) Importer(815301076,1909f56bfc062723c751e8b465ee728b)
Start importing Assets/Adwoa's Files/Models and Prefabs/ChamferBox Assets/CB Discobolus Statue/Meshes/Materials/manstatue.mat using Guid(ee44bf358b94542a79b8352344bc080c) Importer(815301076,1909f56bfc062723c751e8b465ee728b)  -> (artifact id: '03c744b4e0bbf751d033c8fcd23e373e') in 0.119513 seconds
Number of updated asset objects reloaded before import = 0
Number of asset objects unloaded after import = 3
========================================================================
Received Prepare
Begin MonoManager ReloadAssembly
- Loaded All Assemblies, in  1.438 seconds
Refreshing native plugins compatible for Editor in 20.79 ms, found 4 plugins.
Native extension for WindowsStandalone target not found
[Package Manager] Server::EnsureServerProcessIsRunning -- launch failed, reason: Unity was launched with the -noUpm command-line argument
[Package Manager] UpmClient::Send -- Unable to send message (not connected to UPM process).
[Package Manager] Cannot connect to Unity Package Manager local server
Mono: successfully reloaded assembly
- Finished resetting the current domain, in  6.674 seconds
Domain Reload Profiling: 8104ms
	BeginReloadAssembly (549ms)
		ExecutionOrderSort (0ms)
		DisableScriptedObjects (53ms)
		BackupInstance (0ms)
		ReleaseScriptingObjects (0ms)
		CreateAndSetChildDomain (81ms)
	RebuildCommonClasses (70ms)
	RebuildNativeTypeToScriptingClass (29ms)
	initialDomainReloadingComplete (73ms)
	LoadAllAssembliesAndSetupDomain (707ms)
		LoadAssemblies (985ms)
		RebuildTransferFunctionScriptingTraits (0ms)
		AnalyzeDomain (45ms)
			TypeCache.Refresh (18ms)
				TypeCache.ScanAssembly (0ms)
			ScanForSourceGeneratedMonoScriptInfo (1ms)
			ResolveRequiredComponents (24ms)
	FinalizeReload (6675ms)
		ReleaseScriptCaches (0ms)
		RebuildScriptCaches (0ms)
		SetupLoadedEditorAssemblies (1613ms)
			LogAssemblyErrors (0ms)
			InitializePlatformSupportModulesInManaged (25ms)
			SetLoadedEditorAssemblies (12ms)
			RefreshPlugins (0ms)
			BeforeProcessingInitializeOnLoad (289ms)
			ProcessInitializeOnLoadAttributes (1137ms)
			ProcessInitializeOnLoadMethodAttributes (116ms)
			AfterProcessingInitializeOnLoad (34ms)
			EditorAssembliesLoaded (1ms)
		ExecutionOrderSort2 (0ms)
		AwakeInstancesAfterBackupRestoration (47ms)
Refreshing native plugins compatible for Editor in 41.72 ms, found 4 plugins.
Preloading 0 native plugins for Editor in 0.00 ms.
Unloading 4405 Unused Serialized files (Serialized files now loaded: 0)
Unloading 40 unused Assets / (482.7 KB). Loaded Objects now: 4972.
Memory consumption went from 160.9 MB to 160.4 MB.
Total: 10.519800 ms (FindLiveObjects: 0.834600 ms CreateObjectMapping: 1.173300 ms MarkObjects: 7.664600 ms  DeleteObjects: 0.845200 ms)

Prepare: number of updated asset objects reloaded= 0
AssetImportParameters requested are different than current active one (requested -> active):
  custom:container-demuxer-ogg: 62fdf1f143b41e24485cea50d1cbac27 -> 
  custom:video-codec-MediaFoundation-h265: 746d11721c4dcdbdad8f713fa42b33f4 -> 
  custom:video-decoder-ogg-theora: a1e56fd34408186e4bbccfd4996cb3dc -> 
  custom:framework-win-MediaFoundation: 216162199b28c13a410421893ffa2e32 -> 
  custom:CustomObjectIndexerAttribute: 9a22284fe3817be447336de3de66b15e -> 
  custom:container-demuxer-webm: 4f35f7cbe854078d1ac9338744f61a02 -> 
  custom:container-muxer-webm: aa71ff27fc2769a1b78a27578f13a17b -> 
  custom:video-decoder-webm-vp8: 9c59270c3fd7afecdb556c50c9e8de78 -> 
  custom:SearchIndexIgnoredProperties: e643bd26f0fe6173181afceb89e7c659 -> 
  custom:AudioImporter_EditorPlatform: d09bf68614088b80899f8185d706f6e7 -> 
  custom:video-encoder-webm-vp8: eb34c28f22e8b96e1ab97ce403110664 -> 
  custom:audio-decoder-ogg-vorbis: bf7c407c2cedff20999df2af8eb42d56 -> 
  custom:audio-encoder-webm-vorbis: bf7c407c2cedff20999df2af8eb42d56 -> 
========================================================================
Received Import Request.
  Time since last request: 74.040121 seconds.
  path: Assets/Third Person Controller
  artifactKey: Guid(aca04e4b9d1a29244b5b0c894b53e397) Importer(815301076,1909f56bfc062723c751e8b465ee728b)
Start importing Assets/Third Person Controller using Guid(aca04e4b9d1a29244b5b0c894b53e397) Importer(815301076,1909f56bfc062723c751e8b465ee728b)  -> (artifact id: 'f7ea5afbe7130d9ebff6723762ec55e0') in 0.002593 seconds
Number of updated asset objects reloaded before import = 0
Number of asset objects unloaded after import = 0
========================================================================
Received Import Request.
  Time since last request: 13.199692 seconds.
  path: Assets/Third Person Controller/Player.prefab
  artifactKey: Guid(b001cb61a0b189d4394e77fcb27043d8) Importer(815301076,1909f56bfc062723c751e8b465ee728b)
Start importing Assets/Third Person Controller/Player.prefab using Guid(b001cb61a0b189d4394e77fcb27043d8) Importer(815301076,1909f56bfc062723c751e8b465ee728b)  -> (artifact id: '47a2c376df3d5b670d0a1353c1c131d2') in 0.368626 seconds
Number of updated asset objects reloaded before import = 0
Number of asset objects unloaded after import = 114
========================================================================
Received Import Request.
  Time since last request: 5.815904 seconds.
  path: Assets/Scripts
  artifactKey: Guid(14bf30ab4a7829a4097d453fbd8c2044) Importer(815301076,1909f56bfc062723c751e8b465ee728b)
Start importing Assets/Scripts using Guid(14bf30ab4a7829a4097d453fbd8c2044) Importer(815301076,1909f56bfc062723c751e8b465ee728b)  -> (artifact id: '72136419b2b17ea6b6bba7a675bed8c6') in 0.000717 seconds
Number of updated asset objects reloaded before import = 0
Number of asset objects unloaded after import = 0
========================================================================
Received Import Request.
  Time since last request: 196.794238 seconds.
  path: Assets/Will's Files
  artifactKey: Guid(c7053b8225ace0549a128688101f90a3) Importer(815301076,1909f56bfc062723c751e8b465ee728b)
Start importing Assets/Will's Files using Guid(c7053b8225ace0549a128688101f90a3) Importer(815301076,1909f56bfc062723c751e8b465ee728b)  -> (artifact id: 'e7768994ad151019967bd9f870840db6') in 0.002602 seconds
Number of updated asset objects reloaded before import = 0
Number of asset objects unloaded after import = 0
========================================================================
Received Prepare
Refreshing native plugins compatible for Editor in 27.87 ms, found 4 plugins.
Preloading 0 native plugins for Editor in 0.00 ms.
Unloading 1 Unused Serialized files (Serialized files now loaded: 0)
Unloading 2 unused Assets / (66.9 KB). Loaded Objects now: 4973.
Memory consumption went from 92.8 MB to 92.7 MB.
Total: 14.167700 ms (FindLiveObjects: 0.586400 ms CreateObjectMapping: 0.518100 ms MarkObjects: 12.860200 ms  DeleteObjects: 0.200800 ms)

Prepare: number of updated asset objects reloaded= 0
AssetImportParameters requested are different than current active one (requested -> active):
  custom:container-demuxer-ogg: 62fdf1f143b41e24485cea50d1cbac27 -> 
  custom:video-codec-MediaFoundation-h265: 746d11721c4dcdbdad8f713fa42b33f4 -> 
  custom:video-decoder-ogg-theora: a1e56fd34408186e4bbccfd4996cb3dc -> 
  custom:framework-win-MediaFoundation: 216162199b28c13a410421893ffa2e32 -> 
  custom:CustomObjectIndexerAttribute: 9a22284fe3817be447336de3de66b15e -> 
  custom:container-demuxer-webm: 4f35f7cbe854078d1ac9338744f61a02 -> 
  custom:container-muxer-webm: aa71ff27fc2769a1b78a27578f13a17b -> 
  custom:video-decoder-webm-vp8: 9c59270c3fd7afecdb556c50c9e8de78 -> 
  custom:SearchIndexIgnoredProperties: e643bd26f0fe6173181afceb89e7c659 -> 
  custom:AudioImporter_EditorPlatform: d09bf68614088b80899f8185d706f6e7 -> 
  custom:video-encoder-webm-vp8: eb34c28f22e8b96e1ab97ce403110664 -> 
  custom:audio-decoder-ogg-vorbis: bf7c407c2cedff20999df2af8eb42d56 -> 
  custom:audio-encoder-webm-vorbis: bf7c407c2cedff20999df2af8eb42d56 -> 
